2025-03-03 15:08:51,917 - INFO - POST /users - 404 - 0.0006s
2025-03-03 15:09:04,995 - WARNING - (trapped) error reading bcrypt version
Traceback (most recent call last):
  File "C:\Users\akhid\AppData\Local\Programs\Python\Python313\Lib\site-packages\passlib\handlers\bcrypt.py", line 620, in _load_backend_mixin
    version = _bcrypt.__about__.__version__
              ^^^^^^^^^^^^^^^^^
AttributeError: module 'bcrypt' has no attribute '__about__'
2025-03-03 15:13:18,415 - INFO - POST /api/register - 200 - 0.4340s
2025-03-03 15:14:16,443 - INFO - POST /users - 404 - 0.0002s
2025-03-03 15:14:33,893 - INFO - POST /api/users - 307 - 0.0003s
2025-03-03 15:22:40,567 - INFO - POST /api/users - 307 - 0.0004s
2025-03-03 15:23:17,984 - INFO - POST /api/users - 307 - 0.0004s
2025-03-03 15:34:58,799 - INFO - POST /api/users - 307 - 0.0007s
2025-03-03 15:34:58,861 - INFO - POST /api/users/ - 400 - 0.0502s
2025-03-03 15:35:16,805 - INFO - POST /api/users - 307 - 0.0005s
2025-03-03 15:35:16,828 - INFO - POST /api/users/ - 400 - 0.0158s
2025-03-03 15:35:25,984 - INFO - POST /api/users - 307 - 0.0003s
2025-03-03 15:35:26,017 - INFO - POST /api/users/ - 400 - 0.0170s
2025-03-03 15:35:31,661 - INFO - POST /api/users - 307 - 0.0005s
2025-03-03 15:35:31,681 - INFO - POST /api/users/ - 400 - 0.0108s
2025-03-03 15:37:07,655 - INFO - POST /api/users - 307 - 0.0004s
2025-03-03 15:37:07,673 - INFO - POST /api/users/ - 400 - 0.0119s
2025-03-03 15:38:33,434 - INFO - POST /api/users - 307 - 0.0005s
2025-03-03 15:38:33,480 - INFO - POST /api/users/ - 400 - 0.0296s
2025-03-03 15:39:29,882 - INFO - POST /api/users - 307 - 0.0007s
2025-03-03 15:39:29,930 - WARNING - (trapped) error reading bcrypt version
Traceback (most recent call last):
  File "C:\Users\akhid\AppData\Local\Programs\Python\Python313\Lib\site-packages\passlib\handlers\bcrypt.py", line 620, in _load_backend_mixin
    version = _bcrypt.__about__.__version__
              ^^^^^^^^^^^^^^^^^
AttributeError: module 'bcrypt' has no attribute '__about__'
2025-03-03 15:39:30,653 - INFO - POST /api/users/ - 200 - 0.7621s
2025-03-03 15:40:10,740 - INFO - POST /api/login - 200 - 1.1923s
2025-03-03 15:43:26,596 - INFO - POST /api/role-permissions - 307 - 0.0007s
2025-03-03 15:46:10,146 - INFO - POST /api/role-permissions - 307 - 0.0004s
2025-03-03 15:50:25,589 - INFO - POST /api/role-permissions - 307 - 0.0012s
2025-03-03 15:50:25,648 - INFO - POST /api/role-permissions/ - 200 - 0.0491s
2025-03-03 16:03:09,766 - INFO - POST /api/role-permissions - 307 - 0.0005s
2025-03-03 16:03:09,780 - INFO - POST /api/role-permissions/ - 401 - 0.0057s
2025-03-03 16:03:17,162 - WARNING - (trapped) error reading bcrypt version
Traceback (most recent call last):
  File "C:\Users\akhid\AppData\Local\Programs\Python\Python313\Lib\site-packages\passlib\handlers\bcrypt.py", line 620, in _load_backend_mixin
    version = _bcrypt.__about__.__version__
              ^^^^^^^^^^^^^^^^^
AttributeError: module 'bcrypt' has no attribute '__about__'
2025-03-03 16:03:18,401 - INFO - POST /api/login - 200 - 1.2541s
2025-03-03 16:03:31,379 - INFO - POST /api/role-permissions - 307 - 0.0005s
2025-03-03 16:03:54,201 - INFO - POST /api/role-permissions - 307 - 0.0003s
2025-03-03 16:03:54,264 - INFO - POST /api/role-permissions/ - 200 - 0.0570s
2025-03-03 16:38:07,689 - WARNING - (trapped) error reading bcrypt version
Traceback (most recent call last):
  File "C:\Users\akhid\AppData\Local\Programs\Python\Python313\Lib\site-packages\passlib\handlers\bcrypt.py", line 620, in _load_backend_mixin
    version = _bcrypt.__about__.__version__
              ^^^^^^^^^^^^^^^^^
AttributeError: module 'bcrypt' has no attribute '__about__'
2025-03-03 16:38:08,552 - INFO - POST /api/login - 200 - 0.8974s
2025-03-03 16:38:13,643 - INFO - POST /api/role-permissions - 307 - 0.0004s
2025-03-03 16:38:13,655 - INFO - POST /api/role-permissions/ - 401 - 0.0044s
2025-03-03 16:38:25,584 - INFO - POST /api/role-permissions - 307 - 0.0004s
2025-03-03 16:38:25,622 - INFO - POST /api/role-permissions/ - 200 - 0.0312s
2025-03-03 16:39:35,251 - INFO - POST /api/role-permissions - 307 - 0.0009s
2025-03-03 16:39:35,289 - INFO - POST /api/role-permissions/ - 403 - 0.0308s
2025-03-03 16:55:20,570 - INFO - POST /api/role-permissions - 307 - 0.0005s
2025-03-03 16:55:20,583 - INFO - POST /api/role-permissions/ - 401 - 0.0062s
2025-03-03 16:55:25,784 - WARNING - (trapped) error reading bcrypt version
Traceback (most recent call last):
  File "C:\Users\akhid\AppData\Local\Programs\Python\Python313\Lib\site-packages\passlib\handlers\bcrypt.py", line 620, in _load_backend_mixin
    version = _bcrypt.__about__.__version__
              ^^^^^^^^^^^^^^^^^
AttributeError: module 'bcrypt' has no attribute '__about__'
2025-03-03 16:55:27,106 - INFO - POST /api/login - 200 - 1.3358s
2025-03-03 16:55:38,298 - INFO - POST /api/role-permissions - 307 - 0.0006s
2025-03-03 16:55:38,333 - INFO - POST /api/role-permissions/ - 403 - 0.0277s
2025-03-03 16:56:00,149 - INFO - POST /api/role-permissions - 307 - 0.0004s
2025-03-03 16:56:00,171 - INFO - POST /api/role-permissions/ - 403 - 0.0160s
2025-03-03 16:56:03,592 - INFO - POST /api/role-permissions - 307 - 0.0006s
2025-03-03 16:56:03,890 - INFO - POST /api/role-permissions/ - 403 - 0.0175s
2025-03-03 16:56:08,995 - INFO - POST /api/login - 200 - 1.2911s
2025-03-03 16:56:18,293 - INFO - POST /api/role-permissions - 307 - 0.0003s
2025-03-03 16:56:18,342 - INFO - POST /api/role-permissions/ - 400 - 0.0429s
2025-03-03 16:56:45,690 - INFO - POST /api/role-permissions - 307 - 0.0004s
2025-03-03 16:56:45,747 - INFO - POST /api/role-permissions/ - 200 - 0.0455s
2025-03-03 19:27:58,409 - INFO - POST /api/users - 307 - 0.0107s
